#-----------------------------------------------------------
# Vivado v2018.2.1 (64-bit)
# SW Build 2288692 on Thu Jul 26 18:24:02 MDT 2018
# IP Build 2289599 on Thu Jul 26 21:09:20 MDT 2018
# Start of session at: Mon Sep 24 11:21:42 2018
# Process ID: 14628
# Current directory: C:/Users/Dara Ros/Google Drive/UCincy/FS18/EECE6017C/Lab/Lab2
# Command line: vivado.exe -gui_launcher_event rodinguilauncherevent4220 C:\Users\Dara Ros\Google Drive\UCincy\FS18\EECE6017C\Lab\Lab2\Lab2.xpr
# Log file: C:/Users/Dara Ros/Google Drive/UCincy/FS18/EECE6017C/Lab/Lab2/vivado.log
# Journal file: C:/Users/Dara Ros/Google Drive/UCincy/FS18/EECE6017C/Lab/Lab2\vivado.jou
#-----------------------------------------------------------
start_gui
open_project {C:/Users/Dara Ros/Google Drive/UCincy/FS18/EECE6017C/Lab/Lab2/Lab2.xpr}
INFO: [Project 1-313] Project file moved from 'C:/Users/Dara Ros/Documents/EECE6017C/Lab2' since last save.
Scanning sources...
Finished scanning sources
INFO: [IP_Flow 19-234] Refreshing IP repositories
INFO: [IP_Flow 19-1704] No user IP repositories specified
INFO: [IP_Flow 19-2313] Loaded Vivado IP repository 'C:/Xilinx/Vivado/2018.2/data/ip'.
open_project: Time (s): cpu = 00:00:16 ; elapsed = 00:00:09 . Memory (MB): peak = 798.602 ; gain = 69.848
update_compile_order -fileset sources_1
reset_run synth_1
WARNING: [Vivado 12-1017] Problems encountered:
1. Failed to delete one or more files in run directory C:/Users/Dara Ros/Google Drive/UCincy/FS18/EECE6017C/Lab/Lab2/Lab2.runs/synth_1

launch_runs synth_1 -jobs 4
[Mon Sep 24 11:26:47 2018] Launched synth_1...
Run output will be captured here: C:/Users/Dara Ros/Google Drive/UCincy/FS18/EECE6017C/Lab/Lab2/Lab2.runs/synth_1/runme.log
reset_run synth_1
WARNING: [Vivado 12-1017] Problems encountered:
1. Failed to delete one or more files in run directory C:/Users/Dara Ros/Google Drive/UCincy/FS18/EECE6017C/Lab/Lab2/Lab2.runs/synth_1

launch_runs synth_1 -jobs 4
[Mon Sep 24 11:59:23 2018] Launched synth_1...
Run output will be captured here: C:/Users/Dara Ros/Google Drive/UCincy/FS18/EECE6017C/Lab/Lab2/Lab2.runs/synth_1/runme.log
file mkdir C:/Users/Dara Ros/Google Drive/UCincy/FS18/EECE6017C/Lab/Lab2/Lab2.srcs/sim_1/new
can't create directory "C:/Users/Dara": permission denied
file mkdir C:/Users/Dara Ros/Google Drive/UCincy/FS18/EECE6017C/Lab/Lab2/Lab2.srcs/sim_1/new
can't create directory "C:/Users/Dara": permission denied
file mkdir C:/Users/Dara Ros/Google Drive/UCincy/FS18/EECE6017C/Lab/Lab2/Lab2.srcs/sim_1/new
can't create directory "C:/Users/Dara": permission denied
file mkdir C:/Users/Dara Ros/Google Drive/UCincy/FS18/EECE6017C/Lab/Lab2/Lab2.srcs/sim_1/new
can't create directory "C:/Users/Dara": permission denied
file mkdir C:/Users/Dara Ros/Google Drive/UCincy/FS18/EECE6017C/Lab/Lab2/Lab2.srcs/sim_1/new
can't create directory "C:/Users/Dara": permission denied
set_property SOURCE_SET sources_1 [get_filesets sim_1]
file mkdir C:/Users/Dara Ros/Google Drive/UCincy/FS18/EECE6017C/Lab/Lab2/Lab2.srcs/sim_1/new
can't create directory "C:/Users/Dara": permission denied
file mkdir {C:/Users/Dara Ros/Google Drive/UCincy/FS18/EECE6017C/Lab/Lab2/Lab2.srcs/sim_1/new}
close [ open {C:/Users/Dara Ros/Google Drive/UCincy/FS18/EECE6017C/Lab/Lab2/Lab2.srcs/sim_1/new/main_tb.v} w ]
add_files -fileset sim_1 {{C:/Users/Dara Ros/Google Drive/UCincy/FS18/EECE6017C/Lab/Lab2/Lab2.srcs/sim_1/new/main_tb.v}}
update_compile_order -fileset sim_1
update_compile_order -fileset sim_1
launch_simulation
ERROR: [Common 17-1293] The path 'C:/Users/Dara Ros/Google Drive/UCincy/FS18/EECE6017C/Lab/Lab2/Lab2.cache/wt' already exists, is a directory, but is not writable.
launch_simulation
ERROR: [Common 17-1293] The path 'C:/Users/Dara Ros/Google Drive/UCincy/FS18/EECE6017C/Lab/Lab2/Lab2.cache/wt' already exists, is a directory, but is not writable.
launch_simulation
ERROR: [Common 17-1293] The path 'C:/Users/Dara Ros/Google Drive/UCincy/FS18/EECE6017C/Lab/Lab2/Lab2.cache/wt' already exists, is a directory, but is not writable.
reset_run synth_1
WARNING: [Vivado 12-1017] Problems encountered:
1. Failed to delete one or more files in run directory C:/Users/Dara Ros/Google Drive/UCincy/FS18/EECE6017C/Lab/Lab2/Lab2.runs/synth_1

launch_runs synth_1 -jobs 4
[Mon Sep 24 12:29:36 2018] Launched synth_1...
Run output will be captured here: C:/Users/Dara Ros/Google Drive/UCincy/FS18/EECE6017C/Lab/Lab2/Lab2.runs/synth_1/runme.log
launch_simulation
ERROR: [Common 17-1293] The path 'C:/Users/Dara Ros/Google Drive/UCincy/FS18/EECE6017C/Lab/Lab2/Lab2.cache/wt' already exists, is a directory, but is not writable.
launch_simulation
ERROR: [Common 17-1293] The path 'C:/Users/Dara Ros/Google Drive/UCincy/FS18/EECE6017C/Lab/Lab2/Lab2.cache/wt' already exists, is a directory, but is not writable.
launch_simulation
ERROR: [Common 17-1293] The path 'C:/Users/Dara Ros/Google Drive/UCincy/FS18/EECE6017C/Lab/Lab2/Lab2.cache/wt' already exists, is a directory, but is not writable.
launch_simulation
INFO: [Vivado 12-5682] Launching behavioral simulation in 'C:/Users/Dara Ros/Google Drive/UCincy/FS18/EECE6017C/Lab/Lab2/Lab2.sim/sim_1/behav/xsim'
INFO: [SIM-utils-51] Simulation object is 'sim_1'
INFO: [SIM-utils-54] Inspecting design source files for 'main_tb' in fileset 'sim_1'...
INFO: [USF-XSim-97] Finding global include files...
INFO: [USF-XSim-98] Fetching design files from 'sim_1'...
INFO: [USF-XSim-2] XSim::Compile design
INFO: [USF-XSim-61] Executing 'COMPILE and ANALYZE' step in 'C:/Users/Dara Ros/Google Drive/UCincy/FS18/EECE6017C/Lab/Lab2/Lab2.sim/sim_1/behav/xsim'
INFO: [USF-XSim-69] 'compile' step finished in '0' seconds
ERROR: [USF-XSim-62] 'compile' step failed with error(s) while executing 'C:/Users/Dara Ros/Google Drive/UCincy/FS18/EECE6017C/Lab/Lab2/Lab2.sim/sim_1/behav/xsim/compile.bat' script. Please check that the file has the correct 'read/write/execute' permissions and the Tcl console output for any other possible errors or warnings.
ERROR: [Vivado 12-4473] Detected error while running simulation. Please correct the issue and retry this operation.
ERROR: [Common 17-39] 'launch_simulation' failed due to earlier errors.
close_project
open_project {C:/Users/Dara Ros/Google Drive/UCincy/FS18/EECE6017C/Lab/Lab2/Lab2.xpr}
Scanning sources...
Finished scanning sources
INFO: [IP_Flow 19-234] Refreshing IP repositories
INFO: [IP_Flow 19-1704] No user IP repositories specified
INFO: [IP_Flow 19-2313] Loaded Vivado IP repository 'C:/Xilinx/Vivado/2018.2/data/ip'.
update_compile_order -fileset sources_1
launch_simulation
INFO: [Vivado 12-5682] Launching behavioral simulation in 'C:/Users/Dara Ros/Google Drive/UCincy/FS18/EECE6017C/Lab/Lab2/Lab2.sim/sim_1/behav/xsim'
INFO: [SIM-utils-51] Simulation object is 'sim_1'
INFO: [SIM-utils-54] Inspecting design source files for 'main_tb' in fileset 'sim_1'...
INFO: [USF-XSim-97] Finding global include files...
INFO: [USF-XSim-98] Fetching design files from 'sim_1'...
INFO: [USF-XSim-2] XSim::Compile design
INFO: [USF-XSim-61] Executing 'COMPILE and ANALYZE' step in 'C:/Users/Dara Ros/Google Drive/UCincy/FS18/EECE6017C/Lab/Lab2/Lab2.sim/sim_1/behav/xsim'
INFO: [USF-XSim-69] 'compile' step finished in '0' seconds
ERROR: [USF-XSim-62] 'compile' step failed with error(s) while executing 'C:/Users/Dara Ros/Google Drive/UCincy/FS18/EECE6017C/Lab/Lab2/Lab2.sim/sim_1/behav/xsim/compile.bat' script. Please check that the file has the correct 'read/write/execute' permissions and the Tcl console output for any other possible errors or warnings.
ERROR: [Vivado 12-4473] Detected error while running simulation. Please correct the issue and retry this operation.
ERROR: [Common 17-39] 'launch_simulation' failed due to earlier errors.
exit
INFO: [Common 17-206] Exiting Vivado at Mon Sep 24 12:32:59 2018...
