#-----------------------------------------------------------
# Vivado v2018.2.1 (64-bit)
# SW Build 2288692 on Thu Jul 26 18:24:02 MDT 2018
# IP Build 2289599 on Thu Jul 26 21:09:20 MDT 2018
# Start of session at: Thu Sep 20 13:24:00 2018
# Process ID: 17156
# Current directory: C:/Users/Dara Ros/Documents/EECE6017C/Lab2
# Command line: vivado.exe -gui_launcher_event rodinguilauncherevent8236 C:\Users\Dara Ros\Documents\EECE6017C\Lab2\Lab2.xpr
# Log file: C:/Users/Dara Ros/Documents/EECE6017C/Lab2/vivado.log
# Journal file: C:/Users/Dara Ros/Documents/EECE6017C/Lab2\vivado.jou
#-----------------------------------------------------------
start_gui
open_project {C:/Users/Dara Ros/Documents/EECE6017C/Lab2/Lab2.xpr}
Scanning sources...
Finished scanning sources
INFO: [IP_Flow 19-234] Refreshing IP repositories
INFO: [IP_Flow 19-1704] No user IP repositories specified
INFO: [IP_Flow 19-2313] Loaded Vivado IP repository 'C:/Xilinx/Vivado/2018.2/data/ip'.
file mkdir C:/Users/Dara Ros/Documents/EECE6017C/Lab2/Lab2.srcs/sources_1/new
can't create directory "C:/Users/Dara": permission denied
file mkdir C:/Users/Dara Ros/Documents/EECE6017C/Lab2/Lab2.srcs/sources_1/new
can't create directory "C:/Users/Dara": permission denied
file mkdir C:/Users/Dara Ros/Documents/EECE6017C/Lab2/Lab2.srcs/sources_1/new
can't create directory "C:/Users/Dara": permission denied
file mkdir C:/Users/Dara Ros/Documents/EECE6017C/Lab2/Lab2.srcs/sources_1/new
can't create directory "C:/Users/Dara": permission denied
file mkdir C:/Users/Dara Ros/Documents/EECE6017C/Lab2/Lab2.srcs/sources_1/new
can't create directory "C:/Users/Dara": permission denied
file mkdir C:/Users/Dara Ros/Documents/EECE6017C/Lab2/Lab2.srcs/sources_1/new
can't create directory "C:/Users/Dara": permission denied
file mkdir {C:/Users/Dara Ros/Documents/EECE6017C/Lab2/Lab2.srcs/sources_1/new}
close [ open {C:/Users/Dara Ros/Documents/EECE6017C/Lab2/Lab2.srcs/sources_1/new/main.v} w ]
add_files {{C:/Users/Dara Ros/Documents/EECE6017C/Lab2/Lab2.srcs/sources_1/new/main.v}}
update_compile_order -fileset sources_1
exit
INFO: [Common 17-206] Exiting Vivado at Thu Sep 20 13:45:25 2018...
