#-----------------------------------------------------------
# Vivado v2018.2.1 (64-bit)
# SW Build 2288692 on Thu Jul 26 18:24:02 MDT 2018
# IP Build 2289599 on Thu Jul 26 21:09:20 MDT 2018
# Start of session at: Mon Sep 24 13:54:50 2018
# Process ID: 2536
# Current directory: C:/Users/Dara Ros/Downloads/Lab2-20180924T163605Z-001/Lab2
# Command line: vivado.exe -gui_launcher_event rodinguilauncherevent17112 C:\Users\Dara Ros\Downloads\Lab2-20180924T163605Z-001\Lab2\Lab2.xpr
# Log file: C:/Users/Dara Ros/Downloads/Lab2-20180924T163605Z-001/Lab2/vivado.log
# Journal file: C:/Users/Dara Ros/Downloads/Lab2-20180924T163605Z-001/Lab2\vivado.jou
#-----------------------------------------------------------
start_gui
open_project {C:/Users/Dara Ros/Downloads/Lab2-20180924T163605Z-001/Lab2/Lab2.xpr}
Scanning sources...
Finished scanning sources
INFO: [IP_Flow 19-234] Refreshing IP repositories
INFO: [IP_Flow 19-1704] No user IP repositories specified
INFO: [IP_Flow 19-2313] Loaded Vivado IP repository 'C:/Xilinx/Vivado/2018.2/data/ip'.
update_compile_order -fileset sources_1
launch_simulation
INFO: [Vivado 12-5682] Launching behavioral simulation in 'C:/Users/Dara Ros/Downloads/Lab2-20180924T163605Z-001/Lab2/Lab2.sim/sim_1/behav/xsim'
INFO: [SIM-utils-51] Simulation object is 'sim_1'
INFO: [SIM-utils-54] Inspecting design source files for 'main_tb' in fileset 'sim_1'...
INFO: [USF-XSim-97] Finding global include files...
INFO: [USF-XSim-98] Fetching design files from 'sim_1'...
INFO: [USF-XSim-2] XSim::Compile design
INFO: [USF-XSim-61] Executing 'COMPILE and ANALYZE' step in 'C:/Users/Dara Ros/Downloads/Lab2-20180924T163605Z-001/Lab2/Lab2.sim/sim_1/behav/xsim'
"xvlog --incr --relax -prj main_tb_vlog.prj"
INFO: [VRFC 10-2263] Analyzing Verilog file "C:/Users/Dara Ros/Downloads/Lab2-20180924T163605Z-001/Lab2/Lab2.srcs/sources_1/new/main.v" into library xil_defaultlib
INFO: [VRFC 10-311] analyzing module main
INFO: [VRFC 10-2263] Analyzing Verilog file "C:/Users/Dara Ros/Downloads/Lab2-20180924T163605Z-001/Lab2/Lab2.srcs/sim_1/new/main_tb.v" into library xil_defaultlib
INFO: [VRFC 10-311] analyzing module main_tb
INFO: [USF-XSim-69] 'compile' step finished in '2' seconds
INFO: [USF-XSim-3] XSim::Elaborate design
INFO: [USF-XSim-61] Executing 'ELABORATE' step in 'C:/Users/Dara Ros/Downloads/Lab2-20180924T163605Z-001/Lab2/Lab2.sim/sim_1/behav/xsim'
Vivado Simulator 2018.2
Copyright 1986-1999, 2001-2018 Xilinx, Inc. All Rights Reserved.
Running: C:/Xilinx/Vivado/2018.2/bin/unwrapped/win64.o/xelab.exe -wto 694cb77c7129488e936de334780ce90a --incr --debug typical --relax --mt 2 -L xil_defaultlib -L unisims_ver -L unimacro_ver -L secureip --snapshot main_tb_behav xil_defaultlib.main_tb xil_defaultlib.glbl -log elaborate.log 
Using 2 slave threads.
Starting static elaboration
Completed static elaboration
Starting simulation data flow analysis
Completed simulation data flow analysis
Time Resolution for simulation is 1ps
Compiling module xil_defaultlib.main
Compiling module xil_defaultlib.main_tb
Compiling module xil_defaultlib.glbl
Built simulation snapshot main_tb_behav
run_program: Time (s): cpu = 00:00:00 ; elapsed = 00:00:07 . Memory (MB): peak = 868.934 ; gain = 0.000
INFO: [USF-XSim-69] 'elaborate' step finished in '7' seconds
INFO: [USF-XSim-4] XSim::Simulate design
INFO: [USF-XSim-61] Executing 'SIMULATE' step in 'C:/Users/Dara Ros/Downloads/Lab2-20180924T163605Z-001/Lab2/Lab2.sim/sim_1/behav/xsim'
INFO: [USF-XSim-98] *** Running xsim
   with args "main_tb_behav -key {Behavioral:sim_1:Functional:main_tb} -tclbatch {main_tb.tcl} -log {simulate.log}"
INFO: [USF-XSim-8] Loading simulator feature
Vivado Simulator 2018.2
Time resolution is 1 ps
ERROR: [Simulator 45-7] No such file 'C:/Users/Dara' in the design.

ERROR: [USF-XSim-62] 'simulate' step failed with errors. Please check the Tcl console or log files for more information.
ERROR: [Vivado 12-4473] Detected error while running simulation. Please correct the issue and retry this operation.
launch_simulation: Time (s): cpu = 00:00:01 ; elapsed = 00:00:13 . Memory (MB): peak = 868.934 ; gain = 0.000
ERROR: [Common 17-39] 'launch_simulation' failed due to earlier errors.
reset_run synth_1
WARNING: [Vivado 12-1017] Problems encountered:
1. Failed to delete one or more files in run directory C:/Users/Dara Ros/Downloads/Lab2-20180924T163605Z-001/Lab2/Lab2.runs/synth_1

launch_runs synth_1 -jobs 4
[Mon Sep 24 13:59:58 2018] Launched synth_1...
Run output will be captured here: C:/Users/Dara Ros/Downloads/Lab2-20180924T163605Z-001/Lab2/Lab2.runs/synth_1/runme.log
reset_run synth_1
WARNING: [Vivado 12-1017] Problems encountered:
1. Failed to delete one or more files in run directory C:/Users/Dara Ros/Downloads/Lab2-20180924T163605Z-001/Lab2/Lab2.runs/synth_1

launch_runs synth_1 -jobs 4
[Mon Sep 24 14:03:03 2018] Launched synth_1...
Run output will be captured here: C:/Users/Dara Ros/Downloads/Lab2-20180924T163605Z-001/Lab2/Lab2.runs/synth_1/runme.log
launch_runs impl_1 -jobs 4
[Mon Sep 24 14:03:37 2018] Launched impl_1...
Run output will be captured here: C:/Users/Dara Ros/Downloads/Lab2-20180924T163605Z-001/Lab2/Lab2.runs/impl_1/runme.log
INFO: [Simtcl 6-16] Simulation closed
launch_simulation
INFO: [Vivado 12-5682] Launching behavioral simulation in 'C:/Users/Dara Ros/Downloads/Lab2-20180924T163605Z-001/Lab2/Lab2.sim/sim_1/behav/xsim'
INFO: [SIM-utils-51] Simulation object is 'sim_1'
INFO: [SIM-utils-54] Inspecting design source files for 'main_tb' in fileset 'sim_1'...
INFO: [USF-XSim-97] Finding global include files...
INFO: [USF-XSim-98] Fetching design files from 'sim_1'...
INFO: [USF-XSim-2] XSim::Compile design
INFO: [USF-XSim-61] Executing 'COMPILE and ANALYZE' step in 'C:/Users/Dara Ros/Downloads/Lab2-20180924T163605Z-001/Lab2/Lab2.sim/sim_1/behav/xsim'
"xvlog --incr --relax -prj main_tb_vlog.prj"
INFO: [VRFC 10-2263] Analyzing Verilog file "C:/Users/Dara Ros/Downloads/Lab2-20180924T163605Z-001/Lab2/Lab2.srcs/sources_1/new/main.v" into library xil_defaultlib
INFO: [VRFC 10-311] analyzing module main
INFO: [VRFC 10-2263] Analyzing Verilog file "C:/Users/Dara Ros/Downloads/Lab2-20180924T163605Z-001/Lab2/Lab2.srcs/sim_1/new/main_tb.v" into library xil_defaultlib
INFO: [VRFC 10-311] analyzing module main_tb
ERROR: [VRFC 10-1412] syntax error near # [C:/Users/Dara Ros/Downloads/Lab2-20180924T163605Z-001/Lab2/Lab2.srcs/sim_1/new/main_tb.v:51]
ERROR: [VRFC 10-2787] module main_tb ignored due to previous errors [C:/Users/Dara Ros/Downloads/Lab2-20180924T163605Z-001/Lab2/Lab2.srcs/sim_1/new/main_tb.v:23]
INFO: [USF-XSim-69] 'compile' step finished in '3' seconds
INFO: [USF-XSim-99] Step results log file:'C:/Users/Dara Ros/Downloads/Lab2-20180924T163605Z-001/Lab2/Lab2.sim/sim_1/behav/xsim/xvlog.log'
ERROR: [USF-XSim-62] 'compile' step failed with error(s). Please check the Tcl console output or 'C:/Users/Dara Ros/Downloads/Lab2-20180924T163605Z-001/Lab2/Lab2.sim/sim_1/behav/xsim/xvlog.log' file for more information.
ERROR: [Vivado 12-4473] Detected error while running simulation. Please correct the issue and retry this operation.
ERROR: [Common 17-39] 'launch_simulation' failed due to earlier errors.
launch_simulation
INFO: [Vivado 12-5682] Launching behavioral simulation in 'C:/Users/Dara Ros/Downloads/Lab2-20180924T163605Z-001/Lab2/Lab2.sim/sim_1/behav/xsim'
INFO: [SIM-utils-51] Simulation object is 'sim_1'
INFO: [SIM-utils-54] Inspecting design source files for 'main_tb' in fileset 'sim_1'...
INFO: [USF-XSim-97] Finding global include files...
INFO: [USF-XSim-98] Fetching design files from 'sim_1'...
INFO: [USF-XSim-2] XSim::Compile design
INFO: [USF-XSim-61] Executing 'COMPILE and ANALYZE' step in 'C:/Users/Dara Ros/Downloads/Lab2-20180924T163605Z-001/Lab2/Lab2.sim/sim_1/behav/xsim'
"xvlog --incr --relax -prj main_tb_vlog.prj"
INFO: [VRFC 10-2263] Analyzing Verilog file "C:/Users/Dara Ros/Downloads/Lab2-20180924T163605Z-001/Lab2/Lab2.srcs/sources_1/new/main.v" into library xil_defaultlib
INFO: [VRFC 10-311] analyzing module main
INFO: [VRFC 10-2263] Analyzing Verilog file "C:/Users/Dara Ros/Downloads/Lab2-20180924T163605Z-001/Lab2/Lab2.srcs/sim_1/new/main_tb.v" into library xil_defaultlib
INFO: [VRFC 10-311] analyzing module main_tb
INFO: [USF-XSim-69] 'compile' step finished in '2' seconds
INFO: [USF-XSim-3] XSim::Elaborate design
INFO: [USF-XSim-61] Executing 'ELABORATE' step in 'C:/Users/Dara Ros/Downloads/Lab2-20180924T163605Z-001/Lab2/Lab2.sim/sim_1/behav/xsim'
Vivado Simulator 2018.2
Copyright 1986-1999, 2001-2018 Xilinx, Inc. All Rights Reserved.
Running: C:/Xilinx/Vivado/2018.2/bin/unwrapped/win64.o/xelab.exe -wto 694cb77c7129488e936de334780ce90a --incr --debug typical --relax --mt 2 -L xil_defaultlib -L unisims_ver -L unimacro_ver -L secureip --snapshot main_tb_behav xil_defaultlib.main_tb xil_defaultlib.glbl -log elaborate.log 
Using 2 slave threads.
Starting static elaboration
Completed static elaboration
Starting simulation data flow analysis
Completed simulation data flow analysis
Time Resolution for simulation is 1ps
Compiling module xil_defaultlib.main
Compiling module xil_defaultlib.main_tb
Compiling module xil_defaultlib.glbl
Built simulation snapshot main_tb_behav
run_program: Time (s): cpu = 00:00:00 ; elapsed = 00:00:06 . Memory (MB): peak = 874.441 ; gain = 0.000
INFO: [USF-XSim-69] 'elaborate' step finished in '7' seconds
INFO: [USF-XSim-4] XSim::Simulate design
INFO: [USF-XSim-61] Executing 'SIMULATE' step in 'C:/Users/Dara Ros/Downloads/Lab2-20180924T163605Z-001/Lab2/Lab2.sim/sim_1/behav/xsim'
INFO: [USF-XSim-98] *** Running xsim
   with args "main_tb_behav -key {Behavioral:sim_1:Functional:main_tb} -tclbatch {main_tb.tcl} -log {simulate.log}"
INFO: [USF-XSim-8] Loading simulator feature
Vivado Simulator 2018.2
Time resolution is 1 ps
ERROR: [Simulator 45-7] No such file 'C:/Users/Dara' in the design.

ERROR: [USF-XSim-62] 'simulate' step failed with errors. Please check the Tcl console or log files for more information.
ERROR: [Vivado 12-4473] Detected error while running simulation. Please correct the issue and retry this operation.
launch_simulation: Time (s): cpu = 00:00:01 ; elapsed = 00:00:11 . Memory (MB): peak = 875.035 ; gain = 0.594
ERROR: [Common 17-39] 'launch_simulation' failed due to earlier errors.
INFO: [Simtcl 6-16] Simulation closed
launch_simulation
INFO: [Vivado 12-5682] Launching behavioral simulation in 'C:/Users/Dara Ros/Downloads/Lab2-20180924T163605Z-001/Lab2/Lab2.sim/sim_1/behav/xsim'
INFO: [SIM-utils-51] Simulation object is 'sim_1'
INFO: [SIM-utils-54] Inspecting design source files for 'main_tb' in fileset 'sim_1'...
INFO: [USF-XSim-97] Finding global include files...
INFO: [USF-XSim-98] Fetching design files from 'sim_1'...
INFO: [USF-XSim-2] XSim::Compile design
INFO: [USF-XSim-61] Executing 'COMPILE and ANALYZE' step in 'C:/Users/Dara Ros/Downloads/Lab2-20180924T163605Z-001/Lab2/Lab2.sim/sim_1/behav/xsim'
"xvlog --incr --relax -prj main_tb_vlog.prj"
INFO: [VRFC 10-2263] Analyzing Verilog file "C:/Users/Dara Ros/Downloads/Lab2-20180924T163605Z-001/Lab2/Lab2.srcs/sources_1/new/main.v" into library xil_defaultlib
INFO: [VRFC 10-311] analyzing module main
INFO: [VRFC 10-2263] Analyzing Verilog file "C:/Users/Dara Ros/Downloads/Lab2-20180924T163605Z-001/Lab2/Lab2.srcs/sim_1/new/main_tb.v" into library xil_defaultlib
INFO: [VRFC 10-311] analyzing module main_tb
INFO: [USF-XSim-69] 'compile' step finished in '2' seconds
INFO: [USF-XSim-3] XSim::Elaborate design
INFO: [USF-XSim-61] Executing 'ELABORATE' step in 'C:/Users/Dara Ros/Downloads/Lab2-20180924T163605Z-001/Lab2/Lab2.sim/sim_1/behav/xsim'
Vivado Simulator 2018.2
Copyright 1986-1999, 2001-2018 Xilinx, Inc. All Rights Reserved.
Running: C:/Xilinx/Vivado/2018.2/bin/unwrapped/win64.o/xelab.exe -wto 694cb77c7129488e936de334780ce90a --incr --debug typical --relax --mt 2 -L xil_defaultlib -L unisims_ver -L unimacro_ver -L secureip --snapshot main_tb_behav xil_defaultlib.main_tb xil_defaultlib.glbl -log elaborate.log 
Using 2 slave threads.
Starting static elaboration
Completed static elaboration
Starting simulation data flow analysis
Completed simulation data flow analysis
Time Resolution for simulation is 1ps
Compiling module xil_defaultlib.main
Compiling module xil_defaultlib.main_tb
Compiling module xil_defaultlib.glbl
Built simulation snapshot main_tb_behav
run_program: Time (s): cpu = 00:00:00 ; elapsed = 00:00:06 . Memory (MB): peak = 876.297 ; gain = 0.000
INFO: [USF-XSim-69] 'elaborate' step finished in '6' seconds
INFO: [USF-XSim-4] XSim::Simulate design
INFO: [USF-XSim-61] Executing 'SIMULATE' step in 'C:/Users/Dara Ros/Downloads/Lab2-20180924T163605Z-001/Lab2/Lab2.sim/sim_1/behav/xsim'
INFO: [USF-XSim-98] *** Running xsim
   with args "main_tb_behav -key {Behavioral:sim_1:Functional:main_tb} -tclbatch {main_tb.tcl} -log {simulate.log}"
INFO: [USF-XSim-8] Loading simulator feature
Vivado Simulator 2018.2
Time resolution is 1 ps
ERROR: [Simulator 45-7] No such file 'C:/Users/Dara' in the design.

ERROR: [USF-XSim-62] 'simulate' step failed with errors. Please check the Tcl console or log files for more information.
ERROR: [Vivado 12-4473] Detected error while running simulation. Please correct the issue and retry this operation.
launch_simulation: Time (s): cpu = 00:00:00 ; elapsed = 00:00:10 . Memory (MB): peak = 876.297 ; gain = 0.000
ERROR: [Common 17-39] 'launch_simulation' failed due to earlier errors.
exit
INFO: [Common 17-206] Exiting Vivado at Mon Sep 24 14:11:45 2018...
